Template/app/build/outputs/apk/manifest-merger-debug-report.txt
-- Merging decision tree log ---
manifest
ADDED from AndroidManifest.xml:2:1
	package
		ADDED from AndroidManifest.xml:3:5
		INJECTED from AndroidManifest.xml:0:0
		INJECTED from AndroidManifest.xml:0:0
	android:versionName
		ADDED from AndroidManifest.xml:5:5
	android:versionCode
		ADDED from AndroidManifest.xml:4:5
		INJECTED from AndroidManifest.xml:0:0
		INJECTED from AndroidManifest.xml:0:0
	xmlns:android
		ADDED from AndroidManifest.xml:2:11
uses-sdk
ADDED from AndroidManifest.xml:7:5
MERGED from com.android.support:appcompat-v7:21.0.3:15:5
MERGED from com.android.support:support-v4:22.2.0:20:5
MERGED from com.google.android.gms:play-services:6.5.87:18:5
MERGED from com.android.support:support-v4:22.2.0:20:5
MERGED from com.android.support:support-v4:22.2.0:20:5
	android:targetSdkVersion
		ADDED from AndroidManifest.xml:8:15
		INJECTED from AndroidManifest.xml:0:0
		INJECTED from AndroidManifest.xml:0:0
	android:minSdkVersion
		ADDED from AndroidManifest.xml:7:15
		INJECTED from AndroidManifest.xml:0:0
		INJECTED from AndroidManifest.xml:0:0
uses-permission#android.permission.ACCESS_WIFI_STATE
ADDED from AndroidManifest.xml:10:5
	android:name
		ADDED from AndroidManifest.xml:10:22
uses-permission#android.permission.ACCESS_NETWORK_STATE
ADDED from AndroidManifest.xml:11:5
	android:name
		ADDED from AndroidManifest.xml:11:22
uses-permission#android.permission.INTERNET
ADDED from AndroidManifest.xml:12:5
	android:name
		ADDED from AndroidManifest.xml:12:22
uses-permission#android.permission.RECEIVE_BOOT_COMPLETED
ADDED from AndroidManifest.xml:15:5
	android:name
		ADDED from AndroidManifest.xml:15:22
uses-permission#android.permission.WRITE_EXTERNAL_STORAGE
ADDED from AndroidManifest.xml:17:5
	android:name
		ADDED from AndroidManifest.xml:17:22
uses-permission#com.google.android.providers.gsf.permission.READ_GSERVICES
ADDED from AndroidManifest.xml:19:5
	android:name
		ADDED from AndroidManifest.xml:19:22
uses-permission#android.permission.ACCESS_FINE_LOCATION
ADDED from AndroidManifest.xml:20:5
	android:name
		ADDED from AndroidManifest.xml:20:22
uses-permission#android.permission.RECORD_AUDIO
ADDED from AndroidManifest.xml:22:5
	android:name
		ADDED from AndroidManifest.xml:22:22
uses-permission#android.permission.SET_WALLPAPER
ADDED from AndroidManifest.xml:23:5
	android:name
		ADDED from AndroidManifest.xml:23:22
uses-permission#android.permission.WAKE_LOCK
ADDED from AndroidManifest.xml:24:5
	android:name
		ADDED from AndroidManifest.xml:24:22
uses-feature#0x00020000
ADDED from AndroidManifest.xml:26:5
	android:glEsVersion
		ADDED from AndroidManifest.xml:27:9
	android:required
		ADDED from AndroidManifest.xml:28:9
application
ADDED from AndroidManifest.xml:30:5
MERGED from com.android.support:appcompat-v7:21.0.3:16:5
MERGED from com.android.support:support-v4:22.2.0:22:5
MERGED from com.google.android.gms:play-services:6.5.87:20:5
MERGED from com.android.support:support-v4:22.2.0:22:5
MERGED from com.android.support:support-v4:22.2.0:22:5
	android:label
		ADDED from AndroidManifest.xml:33:9
	android:allowBackup
		ADDED from AndroidManifest.xml:34:9
	android:icon
		ADDED from AndroidManifest.xml:31:9
	android:theme
		ADDED from AndroidManifest.xml:32:9
activity#com.universal.MainActivity
ADDED from AndroidManifest.xml:35:9
	android:label
		ADDED from AndroidManifest.xml:39:13
	android:configChanges
		ADDED from AndroidManifest.xml:38:13
	android:theme
		ADDED from AndroidManifest.xml:37:13
	android:name
		ADDED from AndroidManifest.xml:36:13
intent-filter#android.intent.action.MAIN+android.intent.category.LAUNCHER
ADDED from AndroidManifest.xml:40:13
action#android.intent.action.MAIN
ADDED from AndroidManifest.xml:41:17
	android:name
		ADDED from AndroidManifest.xml:41:25
category#android.intent.category.LAUNCHER
ADDED from AndroidManifest.xml:42:17
	android:name
		ADDED from AndroidManifest.xml:42:27
activity#com.universal.yt.player.YouTubePlayerActivity
ADDED from AndroidManifest.xml:45:10
	android:screenOrientation
		ADDED from AndroidManifest.xml:47:20
	android:configChanges
		ADDED from AndroidManifest.xml:46:20
	android:theme
		ADDED from AndroidManifest.xml:48:20
	android:name
		ADDED from AndroidManifest.xml:45:20
activity#com.universal.rss.ui.RssDetailActivity
ADDED from AndroidManifest.xml:49:10
	android:configChanges
		ADDED from AndroidManifest.xml:50:20
	android:name
		ADDED from AndroidManifest.xml:49:20
activity#com.universal.yt.ui.VideoDetailActivity
ADDED from AndroidManifest.xml:51:10
	android:configChanges
		ADDED from AndroidManifest.xml:52:20
	android:name
		ADDED from AndroidManifest.xml:51:20
activity#com.universal.twi.ui.TweetDetailActivity
ADDED from AndroidManifest.xml:53:10
	android:configChanges
		ADDED from AndroidManifest.xml:54:20
	android:name
		ADDED from AndroidManifest.xml:53:20
activity#com.universal.wordpress.ui.WordpressDetailActivity
ADDED from AndroidManifest.xml:55:10
	android:configChanges
		ADDED from AndroidManifest.xml:56:20
	android:name
		ADDED from AndroidManifest.xml:55:20
activity#com.universal.tumblr.ui.TumblrPagerActivity
ADDED from AndroidManifest.xml:57:10
	android:theme
		ADDED from AndroidManifest.xml:58:20
	android:name
		ADDED from AndroidManifest.xml:57:20
activity#com.universal.web.WebviewActivity
ADDED from AndroidManifest.xml:59:10
	android:configChanges
		ADDED from AndroidManifest.xml:60:20
	android:name
		ADDED from AndroidManifest.xml:59:20
activity#com.universal.fav.FavRed
ADDED from AndroidManifest.xml:61:10
	android:screenOrientation
		ADDED from AndroidManifest.xml:63:20
	android:noHistory
		ADDED from AndroidManifest.xml:62:18
	android:name
		ADDED from AndroidManifest.xml:61:20
activity#com.google.android.gms.ads.AdActivity
ADDED from AndroidManifest.xml:64:10
	android:configChanges
		ADDED from AndroidManifest.xml:65:20
	android:name
		ADDED from AndroidManifest.xml:64:20
service#com.universal.rss.RssService
ADDED from AndroidManifest.xml:67:10
	android:enabled
		ADDED from AndroidManifest.xml:69:20
	android:permission
		ADDED from AndroidManifest.xml:67:20
	android:name
		ADDED from AndroidManifest.xml:68:20
service#com.universal.media.MediaService
ADDED from AndroidManifest.xml:71:10
	android:enabled
		ADDED from AndroidManifest.xml:73:13
	android:exported
		ADDED from AndroidManifest.xml:74:13
	android:name
		ADDED from AndroidManifest.xml:72:13
receiver#com.universal.rss.ServiceStarter
ADDED from AndroidManifest.xml:77:10
	android:name
		ADDED from AndroidManifest.xml:77:20
receiver#com.universal.rss.BootReceiver
ADDED from AndroidManifest.xml:78:10
	android:enabled
		ADDED from AndroidManifest.xml:80:20
	android:permission
		ADDED from AndroidManifest.xml:79:20
	android:name
		ADDED from AndroidManifest.xml:78:20
intent-filter#android.intent.action.BOOT_COMPLETED
ADDED from AndroidManifest.xml:81:14
action#android.intent.action.BOOT_COMPLETED
ADDED from AndroidManifest.xml:82:21
	android:name
		ADDED from AndroidManifest.xml:82:29
meta-data#com.google.android.gms.version
ADDED from AndroidManifest.xml:86:10
MERGED from com.google.android.gms:play-services:6.5.87:21:9
	android:value
		ADDED from AndroidManifest.xml:88:11
	android:name
		ADDED from AndroidManifest.xml:87:20
meta-data#com.google.android.maps.v2.API_KEY
ADDED from AndroidManifest.xml:89:10
	android:value
		ADDED from AndroidManifest.xml:91:20
	android:name
		ADDED from AndroidManifest.xml:90:20